2021/03/23 21:01:25 {"callers":["C:/Users/26646/Desktop/github.com/go_programming_tour_book/blog-service/main.go: 25 main.init.0"],"level":"info","message":"wdy: go-programming-tour-book/blog-service","time":1616504485070121200}
2021/03/24 18:32:29 {"callers":["C:/Users/26646/Desktop/github.com/go_programming_tour_book/blog-service/main.go: 25 main.init.0"],"level":"error","message":"app.BindAndValid errs: State必须是[0 1]中的一个","time":1616581949943983400}
2021/03/24 22:31:12 {"callers":["C:/Users/26646/Desktop/github.com/go_programming_tour_book/blog-service/main.go: 25 main.init.0"],"level":"error","message":"app.BindAndValid errs: Name长度必须至少为3个字符","time":1616596272469368700}
2021/03/24 22:31:59 {"callers":["C:/Users/26646/Desktop/github.com/go_programming_tour_book/blog-service/main.go: 25 main.init.0"],"level":"error","message":"app.BindAndValid errs: Name长度必须至少为3个字符","time":1616596319242228900}
2021/03/24 22:32:16 {"callers":["C:/Users/26646/Desktop/github.com/go_programming_tour_book/blog-service/main.go: 25 main.init.0"],"level":"error","message":"svc.CreateTag err: Error 1054: Unknown column 'create_on' in 'field list'","time":1616596336063987000}
2021/03/25 16:17:22 {"callers":["C:/Users/26646/Desktop/github.com/go_programming_tour_book/blog-service/main.go: 25 main.init.0"],"level":"error","message":"svc.CreateTag err: Error 1054: Unknown column 'create_on' in 'field list'","time":1616660242640918900}
2021/03/25 16:22:36 {"callers":["C:/Users/26646/Desktop/github.com/go_programming_tour_book/blog-service/main.go: 25 main.init.0"],"level":"error","message":"app.BindAndValid errs: Name长度必须至少为3个字符,State为必填字段","time":1616660556169058700}
2021/03/25 16:37:24 {"callers":["C:/Users/26646/Desktop/github.com/go_programming_tour_book/blog-service/main.go: 25 main.init.0"],"level":"error","message":"app.BindAndValid errs: State为必填字段,Name长度必须至少为3个字符","time":1616661444450132000}
2021/03/25 16:37:56 {"callers":["C:/Users/26646/Desktop/github.com/go_programming_tour_book/blog-service/main.go: 25 main.init.0"],"level":"error","message":"app.BindAndValid errs: Name长度必须至少为3个字符,State为必填字段","time":1616661476081744300}
2021/03/25 16:38:27 {"callers":["C:/Users/26646/Desktop/github.com/go_programming_tour_book/blog-service/main.go: 25 main.init.0"],"level":"error","message":"app.BindAndValid errs: Name长度必须至少为3个字符,State为必填字段","time":1616661507286686400}
2021/03/25 18:44:00 {"callers":["C:/Users/26646/Desktop/github.com/go_programming_tour_book/blog-service/main.go: 25 main.init.0"],"level":"info","message":"wdy: go-programming-tour-book/blog-service","time":1616669040109725600}
2021/03/25 18:45:58 {"callers":["C:/Users/26646/Desktop/github.com/go_programming_tour_book/blog-service/main.go: 25 main.init.0"],"level":"info","message":"wdy: go-programming-tour-book/blog-service","time":1616669158363576000}
2021/03/25 18:50:17 {"callers":["C:/Users/26646/Desktop/github.com/go_programming_tour_book/blog-service/main.go: 25 main.init.0"],"level":"info","message":"wdy: go-programming-tour-book/blog-service","time":1616669417143727600}
2021/03/25 18:54:18 {"callers":["C:/Users/26646/Desktop/github.com/go_programming_tour_book/blog-service/main.go: 25 main.init.0"],"level":"info","message":"wdy: go-programming-tour-book/blog-service","time":1616669658066303000}
2021/03/25 20:57:34 {"callers":["C:/Users/26646/Desktop/github.com/go_programming_tour_book/blog-service/main.go: 25 main.init.0"],"level":"error","message":"app.BindAndValid errs: AppKey为必填字段,AppSecret为必填字段","time":1616677054448152400}
2021/03/25 22:16:17 {"callers":["C:/Users/26646/Desktop/github.com/go_programming_tour_book/blog-service/main.go: 25 main.init.0"],"level":"error","message":"app.BindAndValid errs: AppKey为必填字段,AppSecret为必填字段","time":1616681777862897000}
2021/03/26 08:47:18 {"callers":["C:/Users/26646/Desktop/github.com/go_programming_tour_book/blog-service/main.go: 25 main.init.0"],"level":"error","message":"app.BindAndValid errs: AppSecret为必填字段,AppKey为必填字段","time":1616719638275326100}
2021/03/26 08:47:57 {"callers":["C:/Users/26646/Desktop/github.com/go_programming_tour_book/blog-service/main.go: 25 main.init.0"],"level":"error","message":"app.BindAndValid errs: AppKey为必填字段,AppSecret为必填字段","time":1616719677087159500}
2021/03/26 08:49:35 {"callers":["C:/Users/26646/Desktop/github.com/go_programming_tour_book/blog-service/main.go: 25 main.init.0"],"level":"error","message":"app.BindAndValid errs: AppKey为必填字段,AppSecret为必填字段","time":1616719775635237800}
2021/03/26 08:49:53 {"callers":["C:/Users/26646/Desktop/github.com/go_programming_tour_book/blog-service/main.go: 25 main.init.0"],"level":"error","message":"app.BindAndValid errs: AppKey为必填字段,AppSecret为必填字段","time":1616719793919329500}
2021/03/26 08:50:25 {"callers":["C:/Users/26646/Desktop/github.com/go_programming_tour_book/blog-service/main.go: 25 main.init.0"],"level":"error","message":"app.BindAndValid errs: AppKey为必填字段,AppSecret为必填字段","time":1616719825390801600}
2021/03/26 08:51:56 {"callers":["C:/Users/26646/Desktop/github.com/go_programming_tour_book/blog-service/main.go: 25 main.init.0"],"level":"error","message":"app.BindAndValid errs: AppKey为必填字段,AppSecret为必填字段","time":1616719916691585500}
2021/03/26 09:02:10 {"callers":["C:/Users/26646/Desktop/github.com/go_programming_tour_book/blog-service/main.go: 25 main.init.0"],"level":"error","message":"app.BindAndValid errs: AppKey为必填字段,AppSecret为必填字段","time":1616720530440778900}
2021/03/26 09:02:18 {"callers":["C:/Users/26646/Desktop/github.com/go_programming_tour_book/blog-service/main.go: 25 main.init.0"],"level":"error","message":"app.BindAndValid errs: AppKey为必填字段,AppSecret为必填字段","time":1616720538059380000}
2021/03/26 09:08:08 {"callers":["C:/Users/26646/Desktop/github.com/go_programming_tour_book/blog-service/main.go: 25 main.init.0"],"level":"error","message":"app.BindAndValid errs: AppKey为必填字段,AppSecret为必填字段","time":1616720888760177700}
2021/03/26 09:08:16 {"callers":["C:/Users/26646/Desktop/github.com/go_programming_tour_book/blog-service/main.go: 25 main.init.0"],"level":"error","message":"app.BindAndValid errs: AppSecret为必填字段,AppKey为必填字段","time":1616720896476395600}
2021/03/26 09:08:45 {"callers":["C:/Users/26646/Desktop/github.com/go_programming_tour_book/blog-service/main.go: 25 main.init.0"],"level":"error","message":"app.BindAndValid errs: AppKey为必填字段,AppSecret为必填字段","time":1616720925830760100}
2021/03/26 09:24:01 {"callers":["C:/Users/26646/Desktop/github.com/go_programming_tour_book/blog-service/main.go: 25 main.init.0"],"level":"info","message":"wdy: go-programming-tour-book/blog-service","time":1616721841564038900}
2021/03/26 09:24:12 {"callers":["C:/Users/26646/Desktop/github.com/go_programming_tour_book/blog-service/main.go: 25 main.init.0"],"level":"info","message":"wdy: go-programming-tour-book/blog-service","time":1616721852941044200}
2021/03/26 09:24:38 {"callers":["C:/Users/26646/Desktop/github.com/go_programming_tour_book/blog-service/main.go: 25 main.init.0"],"level":"error","message":"app.BindAndValid errs: AppKey为必填字段,AppSecret为必填字段","time":1616721878142213000}
2021/03/26 09:24:57 {"callers":["C:/Users/26646/Desktop/github.com/go_programming_tour_book/blog-service/main.go: 25 main.init.0"],"level":"error","message":"app.BindAndValid errs: AppKey为必填字段,AppSecret为必填字段","time":1616721897331154500}
2021/03/26 09:26:29 {"callers":["C:/Users/26646/Desktop/github.com/go_programming_tour_book/blog-service/main.go: 25 main.init.0"],"level":"error","message":"app.BindAndValid errs: AppKey为必填字段,AppSecret为必填字段","time":1616721989034545200}
2021/03/26 09:27:28 {"callers":["C:/Users/26646/Desktop/github.com/go_programming_tour_book/blog-service/main.go: 25 main.init.0"],"level":"error","message":"app.BindAndValid errs: AppKey为必填字段,AppSecret为必填字段","time":1616722048518547600}
2021/03/26 09:27:42 {"callers":["C:/Users/26646/Desktop/github.com/go_programming_tour_book/blog-service/main.go: 25 main.init.0"],"level":"error","message":"app.BindAndValid errs: AppKey为必填字段,AppSecret为必填字段","time":1616722062357300900}
2021/03/26 09:27:45 {"callers":["C:/Users/26646/Desktop/github.com/go_programming_tour_book/blog-service/main.go: 25 main.init.0"],"level":"error","message":"app.BindAndValid errs: AppKey为必填字段,AppSecret为必填字段","time":1616722065854021000}
2021/03/29 15:17:26 {"callers":["C:/Users/26646/Desktop/github.com/go_programming_tour_book/blog-service/main.go: 26 main.init.0"],"level":"error","message":"app.BindAndValid errs: AppSecret为必填字段,AppKey为必填字段","time":1617002246932441200}
2021/03/29 15:31:45 {"callers":["C:/Users/26646/Desktop/github.com/go_programming_tour_book/blog-service/main.go: 26 main.init.0"],"level":"info","message":"wdy: go-programming-tour-book/blog-service","time":1617003105676775000}
2021/03/29 15:31:58 {"callers":["C:/Users/26646/Desktop/github.com/go_programming_tour_book/blog-service/main.go: 26 main.init.0"],"level":"info","message":"wdy: go-programming-tour-book/blog-service","time":1617003118393653000}
